<?xml version="1.0" encoding="UTF-8"?>
<!-- Generated by org.testng.reporters.JUnitXMLReporter -->
<testsuite ignored="0" hostname="LTIN487369" failures="0" tests="11" name="ChromeTest" time="4.741" errors="0" timestamp="2024-03-28T17:20:57 IST">
  <testcase classname="testCases.TC_004_validate_ResourceLinks" name="navigateEthics" time="0.0">
    <skipped/>
  </testcase> <!-- navigateEthics -->
  <testcase classname="testCases.TC_004_validate_ResourceLinks" name="validateHelpline" time="0.0">
    <skipped/>
  </testcase> <!-- validateHelpline -->
  <testcase classname="testCases.TC_004_validate_ResourceLinks" name="verifyPage" time="0.0">
    <skipped/>
  </testcase> <!-- verifyPage -->
  <testcase classname="testCases.TC_004_validate_ResourceLinks" name="validateCodeofEthics" time="0.001">
    <skipped/>
  </testcase> <!-- validateCodeofEthics -->
  <testcase classname="testCases.TC_004_validate_ResourceLinks" name="validateGlobalCorporatePolicies" time="0.0">
    <skipped/>
  </testcase> <!-- validateGlobalCorporatePolicies -->
  <testcase classname="testCases.TC_004_validate_ResourceLinks" name="validateEthicsandCompliancePolicies" time="0.0">
    <skipped/>
  </testcase> <!-- validateEthicsandCompliancePolicies -->
  <testcase classname="testCases.TC_004_validate_ResourceLinks" name="validateEthicsandComplianceAmbassadors" time="0.001">
    <skipped/>
  </testcase> <!-- validateEthicsandComplianceAmbassadors -->
  <testcase classname="testCases.TC_004_validate_ResourceLinks" name="validateEthicsandComplianceProgramOverview" time="0.0">
    <skipped/>
  </testcase> <!-- validateEthicsandComplianceProgramOverview -->
  <testcase classname="testCases.TC_004_validate_ResourceLinks" name="validateEthicsandCompliancePresentation" time="0.0">
    <skipped/>
  </testcase> <!-- validateEthicsandCompliancePresentation -->
  <testcase classname="testCases.TC_004_validate_ResourceLinks" name="validateGlobalPrivacy" time="0.0">
    <skipped/>
  </testcase> <!-- validateGlobalPrivacy -->
  <testcase classname="testCases.TC_004_validate_ResourceLinks" name="validateRegulatoryandBUCompilance" time="0.0">
    <skipped/>
  </testcase> <!-- validateRegulatoryandBUCompilance -->
</testsuite> <!-- ChromeTest -->
