<?xml version="1.0" encoding="UTF-8"?>
<!-- Generated by org.testng.reporters.JUnitXMLReporter -->
<testsuite ignored="8" hostname="LTIN518392" failures="0" tests="24" name="EdgeTest" time="10.696" errors="0" timestamp="2024-04-02T13:52:13 IST">
  <testcase classname="testCases.TC_001_validateUserInformation" name="the_user_navigated_to_the_cognizant_page" time="0.0">
    <skipped/>
  </testcase> <!-- the_user_navigated_to_the_cognizant_page -->
  <testcase classname="testCases.TC_001_validateUserInformation" name="the_user_clicks_on_user_icon" time="0.0">
    <skipped/>
  </testcase> <!-- the_user_clicks_on_user_icon -->
  <testcase classname="testCases.TC_001_validateUserInformation" name="user_can_validate_the_mail_contains_cognizant_com" time="0.0">
    <skipped/>
  </testcase> <!-- user_can_validate_the_mail_contains_cognizant_com -->
  <testcase classname="testCases.TC_001_validateUserInformation" name="the_user_close_on_user_icon" time="0.0">
    <skipped/>
  </testcase> <!-- the_user_close_on_user_icon -->
  <testcase classname="testCases.TC_002_validate_Headers_and_SubHeaders" name="getHeaders" time="0.0">
    <skipped/>
  </testcase> <!-- getHeaders -->
  <testcase classname="testCases.TC_002_validate_Headers_and_SubHeaders" name="clickCompany" time="0.0">
    <skipped/>
  </testcase> <!-- clickCompany -->
  <testcase classname="testCases.TC_002_validate_Headers_and_SubHeaders" name="clickServicesLines" time="0.0">
    <skipped/>
  </testcase> <!-- clickServicesLines -->
  <testcase classname="testCases.TC_002_validate_Headers_and_SubHeaders" name="clickSalesResources" time="0.0">
    <skipped/>
  </testcase> <!-- clickSalesResources -->
  <testcase classname="testCases.TC_002_validate_Headers_and_SubHeaders" name="clickMarketsandCountries" time="0.0">
    <skipped/>
  </testcase> <!-- clickMarketsandCountries -->
  <testcase classname="testCases.TC_002_validate_Headers_and_SubHeaders" name="clickCorporatefunction" time="0.0">
    <skipped/>
  </testcase> <!-- clickCorporatefunction -->
  <testcase classname="testCases.TC_002_validate_Headers_and_SubHeaders" name="clickPeople" time="0.0">
    <skipped/>
  </testcase> <!-- clickPeople -->
  <testcase classname="testCases.TC_003_validate_Ethics_And_Compilance" name="verifyEthicsAndCompliance" time="0.0">
    <skipped/>
  </testcase> <!-- verifyEthicsAndCompliance -->
  <testcase classname="testCases.TC_004_validate_ResourceLinks" name="navigateEthics" time="0.0">
    <skipped/>
  </testcase> <!-- navigateEthics -->
  <testcase classname="testCases.TC_004_validate_ResourceLinks" name="verifyPage" time="0.0">
    <skipped/>
  </testcase> <!-- verifyPage -->
  <testcase classname="testCases.TC_004_validate_ResourceLinks" name="validateHelpline" time="0.0">
    <skipped/>
  </testcase> <!-- validateHelpline -->
  <testcase classname="testCases.TC_004_validate_ResourceLinks" name="validateCodeofEthics" time="0.0">
    <skipped/>
  </testcase> <!-- validateCodeofEthics -->
  <testcase classname="testCases.TC_004_validate_ResourceLinks" name="validateGlobalCorporatePolicies" time="0.0">
    <skipped/>
  </testcase> <!-- validateGlobalCorporatePolicies -->
  <testcase classname="testCases.TC_004_validate_ResourceLinks" name="validateEthicsandCompliancePolicies" time="0.0">
    <skipped/>
  </testcase> <!-- validateEthicsandCompliancePolicies -->
  <testcase classname="testCases.TC_004_validate_ResourceLinks" name="validateEthicsandComplianceAmbassadors" time="0.0">
    <skipped/>
  </testcase> <!-- validateEthicsandComplianceAmbassadors -->
  <testcase classname="testCases.TC_004_validate_ResourceLinks" name="validateEthicsandComplianceProgramOverview" time="0.0">
    <skipped/>
  </testcase> <!-- validateEthicsandComplianceProgramOverview -->
  <testcase classname="testCases.TC_004_validate_ResourceLinks" name="validateEthicsandCompliancePresentation" time="0.0">
    <skipped/>
  </testcase> <!-- validateEthicsandCompliancePresentation -->
  <testcase classname="testCases.TC_004_validate_ResourceLinks" name="validateGlobalPrivacy" time="0.0">
    <skipped/>
  </testcase> <!-- validateGlobalPrivacy -->
  <testcase classname="testCases.TC_004_validate_ResourceLinks" name="validateRegulatoryandBUCompilance" time="0.0">
    <skipped/>
  </testcase> <!-- validateRegulatoryandBUCompilance -->
  <testcase classname="testCases.TC_005_validate_Ethics_page_information" name="printEthicsInfo" time="0.0">
    <skipped/>
  </testcase> <!-- printEthicsInfo -->
  <testcase classname="testBase.BaseClass" name="@AfterTest tearDown" time="0.0">
    <ignored/>
  </testcase> <!-- @AfterTest tearDown -->
  <testcase classname="testBase.BaseClass" name="@AfterTest tearDown" time="0.0">
    <ignored/>
  </testcase> <!-- @AfterTest tearDown -->
  <testcase classname="testBase.BaseClass" name="@BeforeTest driverSetup" time="0.0">
    <ignored/>
  </testcase> <!-- @BeforeTest driverSetup -->
  <testcase classname="testBase.BaseClass" name="@BeforeTest driverSetup" time="0.0">
    <ignored/>
  </testcase> <!-- @BeforeTest driverSetup -->
  <testcase classname="testBase.BaseClass" name="@AfterTest tearDown" time="0.0">
    <ignored/>
  </testcase> <!-- @AfterTest tearDown -->
  <testcase classname="testBase.BaseClass" name="@AfterTest tearDown" time="0.0">
    <ignored/>
  </testcase> <!-- @AfterTest tearDown -->
  <testcase classname="testBase.BaseClass" name="@BeforeTest driverSetup" time="0.0">
    <ignored/>
  </testcase> <!-- @BeforeTest driverSetup -->
  <testcase classname="testBase.BaseClass" name="@BeforeTest driverSetup" time="0.0">
    <ignored/>
  </testcase> <!-- @BeforeTest driverSetup -->
</testsuite> <!-- EdgeTest -->
