<?xml version="1.0" encoding="UTF-8"?>
<!-- Generated by org.testng.reporters.JUnitXMLReporter -->
<testsuite ignored="2" hostname="LTIN518392" failures="0" tests="10" name="EdgeTest" time="7.517" errors="0" timestamp="2024-03-28T12:26:38 IST">
  <testcase classname="testCases.TC_001_validateUserInformation" name="the_user_navigated_to_the_cognizant_page" time="0.0">
    <skipped/>
  </testcase> <!-- the_user_navigated_to_the_cognizant_page -->
  <testcase classname="testCases.TC_001_validateUserInformation" name="the_user_close_on_user_icon" time="0.001">
    <skipped/>
  </testcase> <!-- the_user_close_on_user_icon -->
  <testcase classname="testCases.TC_001_validateUserInformation" name="the_user_clicks_on_user_icon" time="0.0">
    <skipped/>
  </testcase> <!-- the_user_clicks_on_user_icon -->
  <testcase classname="testCases.TC_001_validateUserInformation" name="user_can_validate_the_mail_contains_cognizant_com" time="0.001">
    <skipped/>
  </testcase> <!-- user_can_validate_the_mail_contains_cognizant_com -->
  <testcase classname="testCases.TC_002_validate_Headers_and_SubHeaders" name="clickCompany" time="0.0">
    <skipped/>
  </testcase> <!-- clickCompany -->
  <testcase classname="testCases.TC_002_validate_Headers_and_SubHeaders" name="clickServicesLines" time="0.0">
    <skipped/>
  </testcase> <!-- clickServicesLines -->
  <testcase classname="testCases.TC_002_validate_Headers_and_SubHeaders" name="clickSalesResources" time="0.0">
    <skipped/>
  </testcase> <!-- clickSalesResources -->
  <testcase classname="testCases.TC_002_validate_Headers_and_SubHeaders" name="clickMarketsandCountries" time="0.0">
    <skipped/>
  </testcase> <!-- clickMarketsandCountries -->
  <testcase classname="testCases.TC_002_validate_Headers_and_SubHeaders" name="clickCorporatefunction" time="0.0">
    <skipped/>
  </testcase> <!-- clickCorporatefunction -->
  <testcase classname="testCases.TC_002_validate_Headers_and_SubHeaders" name="clickPeople" time="0.0">
    <skipped/>
  </testcase> <!-- clickPeople -->
  <testcase classname="testBase.BaseClass" name="@AfterTest tearDown" time="0.0">
    <ignored/>
  </testcase> <!-- @AfterTest tearDown -->
  <testcase classname="testBase.BaseClass" name="@BeforeTest driverSetup" time="0.0">
    <ignored/>
  </testcase> <!-- @BeforeTest driverSetup -->
</testsuite> <!-- EdgeTest -->
